<?xml version="1.0" encoding="UTF-8"?>
<!-- Generated by org.testng.reporters.JUnitReportReporter -->
<testsuite hostname="010223HP840G548" failures="0" tests="1" name="Testcases.CreateLead" time="17.668" errors="0" timestamp="2023-05-29T13:16:34 IST" skipped="0">
  <testcase classname="Testcases.CreateLead" name="runCreateLead" time="17.668"/>
  <system-out/>
</testsuite> <!-- Testcases.CreateLead -->
